Arguments: 
  /Users/liru/.nvm/versions/node/v16.8.0/bin/node /Users/liru/.nvm/versions/node/v16.8.0/bin/yarn add webpack webpackCli -D

PATH: 
  /usr/local/opt/icu4c/sbin:/usr/local/opt/icu4c/bin:/Users/liru/.nvm/versions/node/v16.8.0/bin:/Applications/Atom.app/Contents/MacOS/Atom:/Users/liru/bin/Sencha/Cmd/5.1.3.61:/Users/liru/bin/Sent/Cmd/5.1.3.61:/opt/local/bin:/opt/local/sbin:/Users/liru/bin/Sencha/Cmd/5.1.3.61:/Users/liru/.rvm/gems/ruby-2.7.0-preview1/bin:/Users/liru/.rvm/gems/ruby-2.7.0-preview1@global/bin:/Users/liru/.rvm/rubies/ruby-2.7.0-preview1/bin:/usr/local/bin:/usr/bin:/bin:/usr/sbin:/sbin:/Applications/VMware Fusion.app/Contents/Public:/Applications/Wireshark.app/Contents/MacOS:/Users/liru/.rvm/bin:/Users/liru/Downloads/maven-2.2.1/bin:/usr/local/mysql/bin:/Users/liru/.rvm/bin

Yarn version: 
  1.22.18

Node version: 
  16.8.0

Platform: 
  darwin x64

Trace: 
  Error: https://registry.npmjs.org/webpackCli: Not found
      at Request.params.callback [as _callback] (/Users/liru/.nvm/versions/node/v16.8.0/lib/node_modules/yarn/lib/cli.js:66138:18)
      at Request.self.callback (/Users/liru/.nvm/versions/node/v16.8.0/lib/node_modules/yarn/lib/cli.js:140883:22)
      at Request.emit (node:events:394:28)
      at Request.<anonymous> (/Users/liru/.nvm/versions/node/v16.8.0/lib/node_modules/yarn/lib/cli.js:141855:10)
      at Request.emit (node:events:394:28)
      at IncomingMessage.<anonymous> (/Users/liru/.nvm/versions/node/v16.8.0/lib/node_modules/yarn/lib/cli.js:141777:12)
      at Object.onceWrapper (node:events:513:28)
      at IncomingMessage.emit (node:events:406:35)
      at endReadableNT (node:internal/streams/readable:1343:12)
      at processTicksAndRejections (node:internal/process/task_queues:83:21)

npm manifest: 
  {
    "name": "reactmf",
    "version": "1.0.0",
    "description": "",
    "main": "index.js",
    "scripts": {
      "test": "echo \"Error: no test specified\" && exit 1",
      "f2elint-scan": "f2elint scan",
      "f2elint-fix": "f2elint fix"
    },
    "keywords": [],
    "author": "",
    "license": "ISC",
    "devDependencies": {
      "f2elint": "^2.2.1"
    },
    "husky": {
      "hooks": {
        "pre-commit": "f2elint commit-file-scan",
        "commit-msg": "f2elint commit-msg-scan"
      }
    }
  }

yarn manifest: 
  No manifest

Lockfile: 
  No lockfile
